\BOOKMARK [0][]{chapter.1}{1 Introduction}{}% 1
\BOOKMARK [1][]{section.1.1}{1.1 Project overview}{chapter.1}% 2
\BOOKMARK [1][]{section.1.2}{1.2 Report structure}{chapter.1}% 3
\BOOKMARK [0][]{chapter.2}{2 Background theory}{}% 4
\BOOKMARK [1][]{section.2.1}{2.1 Basic properties of audio signal}{chapter.2}% 5
\BOOKMARK [1][]{section.2.2}{2.2 Audio transformation techniques}{chapter.2}% 6
\BOOKMARK [1][]{section.2.3}{2.3 Machine learning techniques}{chapter.2}% 7
\BOOKMARK [0][]{chapter.3}{3 Related work}{}% 8
\BOOKMARK [1][]{section.3.1}{3.1 Examination of other audio similarity techniques and algorithms not analysed by the project}{chapter.3}% 9
\BOOKMARK [1][]{section.3.2}{3.2 Scientific paper rewritten}{chapter.3}% 10
\BOOKMARK [0][]{chapter.4}{4 The task}{}% 11
\BOOKMARK [1][]{section.4.1}{4.1 Design}{chapter.4}% 12
\BOOKMARK [1][]{section.4.2}{4.2 Evaluation methods and metrics}{chapter.4}% 13
\BOOKMARK [1][]{section.4.3}{4.3 Datasets used for evaluation}{chapter.4}% 14
\BOOKMARK [0][]{chapter.5}{5 The algorithms}{}% 15
\BOOKMARK [1][]{section.5.1}{5.1 Osmalskyj big algorithm}{chapter.5}% 16
\BOOKMARK [1][]{section.5.2}{5.2 Osmalskyj weak features}{chapter.5}% 17
\BOOKMARK [1][]{section.5.3}{5.3 Ellis cross-correlation algorithm}{chapter.5}% 18
\BOOKMARK [1][]{section.5.4}{5.4 Osmalskyj quantisation algorithm}{chapter.5}% 19
\BOOKMARK [1][]{section.5.5}{5.5 Tralie timbre algorithm}{chapter.5}% 20
\BOOKMARK [1][]{section.5.6}{5.6 Rank aggregation techniques}{chapter.5}% 21
\BOOKMARK [1][]{section.5.7}{5.7 Rafii audio fingerprinting algorithm}{chapter.5}% 22
\BOOKMARK [0][]{chapter.6}{6 The benchmark}{}% 23
\BOOKMARK [1][]{section.6.1}{6.1 Implementation details}{chapter.6}% 24
\BOOKMARK [1][]{section.6.2}{6.2 Brief usage information}{chapter.6}% 25
\BOOKMARK [1][]{section.6.3}{6.3 Algorithm structure in the benchmark}{chapter.6}% 26
\BOOKMARK [1][]{section.6.4}{6.4 Result format produced by benchmark}{chapter.6}% 27
\BOOKMARK [0][]{chapter.7}{7 Results}{}% 28
\BOOKMARK [1][]{section.7.1}{7.1 Best results}{chapter.7}% 29
\BOOKMARK [1][]{section.7.2}{7.2 Comparison to results from papers}{chapter.7}% 30
\BOOKMARK [1][]{section.7.3}{7.3 Result analysis}{chapter.7}% 31
\BOOKMARK [0][]{chapter.8}{8 Further work}{}% 32
\BOOKMARK [0][]{chapter.9}{9 Challenges}{}% 33
\BOOKMARK [1][]{section.9.1}{9.1 Lack of datasets}{chapter.9}% 34
\BOOKMARK [1][]{section.9.2}{9.2 Lack of universal comparison metric?}{chapter.9}% 35
\BOOKMARK [1][]{section.9.3}{9.3 Academic papers algorithm description}{chapter.9}% 36
\BOOKMARK [0][]{chapter.10}{10 Project management}{}% 37
\BOOKMARK [1][]{section.10.1}{10.1 Using GitLab}{chapter.10}% 38
\BOOKMARK [1][]{section.10.2}{10.2 Canvas logs}{chapter.10}% 39
\BOOKMARK [1][]{section.10.3}{10.3 other? Gantt chart?}{chapter.10}% 40
\BOOKMARK [0][]{chapter.11}{11 Conclusion}{}% 41
\BOOKMARK [0][]{appendix*.18}{References}{}% 42
